# JRE version: Java(TM) SE Runtime Environment (11.0.5+10) (build 11.0.5+10-LTS)
# Java VM: Java HotSpot(TM) 64-Bit Server VM (11.0.5+10-LTS, mixed mode, tiered, compressed oops, g1 gc, windows-amd64)
Heap:
 garbage-first heap   total 157696K, used 91790K [0x00000000a0000000, 0x0000000100000000)
  region size 1024K, 39 young (39936K), 7 survivors (7168K)
 Metaspace       used 55207K, capacity 57094K, committed 57216K, reserved 1097728K
  class space    used 7399K, capacity 7971K, committed 8064K, reserved 1048576K
GC Heap History (10 events):
Event: 4.446 GC heap before
{Heap before GC invocations=7 (full 0):
 garbage-first heap   total 131072K, used 80975K [0x00000000a0000000, 0x0000000100000000)
  region size 1024K, 49 young (50176K), 3 survivors (3072K)
 Metaspace       used 39052K, capacity 39892K, committed 40064K, reserved 1083392K
  class space    used 4936K, capacity 5241K, committed 5248K, reserved 1048576K
}
Event: 4.454 GC heap after
{Heap after GC invocations=8 (full 0):
 garbage-first heap   total 131072K, used 38661K [0x00000000a0000000, 0x0000000100000000)
  region size 1024K, 7 young (7168K), 7 survivors (7168K)
 Metaspace       used 39052K, capacity 39892K, committed 40064K, reserved 1083392K
  class space    used 4936K, capacity 5241K, committed 5248K, reserved 1048576K
}
Event: 5.058 GC heap before
{Heap before GC invocations=8 (full 0):
 garbage-first heap   total 131072K, used 85765K [0x00000000a0000000, 0x0000000100000000)
  region size 1024K, 53 young (54272K), 7 survivors (7168K)
 Metaspace       used 42809K, capacity 43845K, committed 44160K, reserved 1087488K
  class space    used 5584K, capacity 5892K, committed 6016K, reserved 1048576K
}
Event: 5.065 GC heap after
{Heap after GC invocations=9 (full 0):
 garbage-first heap   total 131072K, used 41617K [0x00000000a0000000, 0x0000000100000000)
  region size 1024K, 4 young (4096K), 4 survivors (4096K)
 Metaspace       used 42809K, capacity 43845K, committed 44160K, reserved 1087488K
  class space    used 5584K, capacity 5892K, committed 6016K, reserved 1048576K
}
Event: 5.765 GC heap before
{Heap before GC invocations=9 (full 0):
 garbage-first heap   total 131072K, used 89745K [0x00000000a0000000, 0x0000000100000000)
  region size 1024K, 51 young (52224K), 4 survivors (4096K)
 Metaspace       used 47503K, capacity 48774K, committed 49024K, reserved 1091584K
  class space    used 6291K, capacity 6690K, committed 6784K, reserved 1048576K
}
Event: 5.771 GC heap after
{Heap after GC invocations=10 (full 0):
 garbage-first heap   total 131072K, used 44383K [0x00000000a0000000, 0x0000000100000000)
  region size 1024K, 6 young (6144K), 6 survivors (6144K)
 Metaspace       used 47503K, capacity 48774K, committed 49024K, reserved 1091584K
  class space    used 6291K, capacity 6690K, committed 6784K, reserved 1048576K
}
Event: 6.556 GC heap before
{Heap before GC invocations=10 (full 0):
 garbage-first heap   total 131072K, used 92511K [0x00000000a0000000, 0x0000000100000000)
  region size 1024K, 54 young (55296K), 6 survivors (6144K)
 Metaspace       used 49974K, capacity 51449K, committed 51584K, reserved 1093632K
  class space    used 6612K, capacity 7027K, committed 7040K, reserved 1048576K
}
Event: 6.566 GC heap after
{Heap after GC invocations=11 (full 0):
 garbage-first heap   total 131072K, used 48451K [0x00000000a0000000, 0x0000000100000000)
  region size 1024K, 7 young (7168K), 7 survivors (7168K)
 Metaspace       used 49974K, capacity 51449K, committed 51584K, reserved 1093632K
  class space    used 6612K, capacity 7027K, committed 7040K, reserved 1048576K
}
Event: 7.074 GC heap before
{Heap before GC invocations=11 (full 0):
 garbage-first heap   total 131072K, used 99651K [0x00000000a0000000, 0x0000000100000000)
  region size 1024K, 54 young (55296K), 7 survivors (7168K)
 Metaspace       used 51802K, capacity 53339K, committed 53504K, reserved 1095680K
  class space    used 6874K, capacity 7309K, committed 7424K, reserved 1048576K
}
Event: 7.085 GC heap after
{Heap after GC invocations=12 (full 0):
 garbage-first heap   total 157696K, used 59022K [0x00000000a0000000, 0x0000000100000000)
  region size 1024K, 7 young (7168K), 7 survivors (7168K)
 Metaspace       used 51802K, capacity 53339K, committed 53504K, reserved 1095680K
  class space    used 6874K, capacity 7309K, committed 7424K, reserved 1048576K
}

