# JRE version: Java(TM) SE Runtime Environment (11.0.5+10) (build 11.0.5+10-LTS)
# Java VM: Java HotSpot(TM) 64-Bit Server VM (11.0.5+10-LTS, mixed mode, tiered, compressed oops, g1 gc, windows-amd64)
Heap:
 garbage-first heap   total 157696K, used 97494K [0x00000000a0000000, 0x0000000100000000)
  region size 1024K, 36 young (36864K), 3 survivors (3072K)
 Metaspace       used 59786K, capacity 61770K, committed 62080K, reserved 1103872K
  class space    used 7899K, capacity 8514K, committed 8576K, reserved 1048576K
GC Heap History (10 events):
Event: 5.599 GC heap before
{Heap before GC invocations=8 (full 0):
 garbage-first heap   total 131072K, used 92203K [0x00000000a0000000, 0x0000000100000000)
  region size 1024K, 58 young (59392K), 6 survivors (6144K)
 Metaspace       used 45709K, capacity 46750K, committed 46976K, reserved 1089536K
  class space    used 5805K, capacity 6156K, committed 6272K, reserved 1048576K
}
Event: 5.606 GC heap after
{Heap after GC invocations=9 (full 0):
 garbage-first heap   total 131072K, used 41938K [0x00000000a0000000, 0x0000000100000000)
  region size 1024K, 7 young (7168K), 7 survivors (7168K)
 Metaspace       used 45709K, capacity 46750K, committed 46976K, reserved 1089536K
  class space    used 5805K, capacity 6156K, committed 6272K, reserved 1048576K
}
Event: 6.338 GC heap before
{Heap before GC invocations=9 (full 0):
 garbage-first heap   total 131072K, used 95186K [0x00000000a0000000, 0x0000000100000000)
  region size 1024K, 59 young (60416K), 7 survivors (7168K)
 Metaspace       used 50077K, capacity 51359K, committed 51456K, reserved 1093632K
  class space    used 6477K, capacity 6872K, committed 6912K, reserved 1048576K
}
Event: 6.347 GC heap after
{Heap after GC invocations=10 (full 0):
 garbage-first heap   total 131072K, used 45680K [0x00000000a0000000, 0x0000000100000000)
  region size 1024K, 7 young (7168K), 7 survivors (7168K)
 Metaspace       used 50077K, capacity 51359K, committed 51456K, reserved 1093632K
  class space    used 6477K, capacity 6872K, committed 6912K, reserved 1048576K
}
Event: 7.206 GC heap before
{Heap before GC invocations=10 (full 0):
 garbage-first heap   total 131072K, used 97904K [0x00000000a0000000, 0x0000000100000000)
  region size 1024K, 58 young (59392K), 7 survivors (7168K)
 Metaspace       used 53388K, capacity 54975K, committed 55168K, reserved 1097728K
  class space    used 6957K, capacity 7432K, committed 7552K, reserved 1048576K
}
Event: 7.218 GC heap after
{Heap after GC invocations=11 (full 0):
 garbage-first heap   total 131072K, used 50141K [0x00000000a0000000, 0x0000000100000000)
  region size 1024K, 8 young (8192K), 8 survivors (8192K)
 Metaspace       used 53388K, capacity 54975K, committed 55168K, reserved 1097728K
  class space    used 6957K, capacity 7432K, committed 7552K, reserved 1048576K
}
Event: 7.994 GC heap before
{Heap before GC invocations=11 (full 0):
 garbage-first heap   total 131072K, used 104413K [0x00000000a0000000, 0x0000000100000000)
  region size 1024K, 58 young (59392K), 8 survivors (8192K)
 Metaspace       used 55277K, capacity 56958K, committed 57216K, reserved 1099776K
  class space    used 7203K, capacity 7681K, committed 7808K, reserved 1048576K
}
Event: 8.005 GC heap after
{Heap after GC invocations=12 (full 0):
 garbage-first heap   total 157696K, used 61433K [0x00000000a0000000, 0x0000000100000000)
  region size 1024K, 8 young (8192K), 8 survivors (8192K)
 Metaspace       used 55277K, capacity 56958K, committed 57216K, reserved 1099776K
  class space    used 7203K, capacity 7681K, committed 7808K, reserved 1048576K
}
Event: 8.454 GC heap before
{Heap before GC invocations=12 (full 0):
 garbage-first heap   total 157696K, used 89081K [0x00000000a0000000, 0x0000000100000000)
  region size 1024K, 35 young (35840K), 8 survivors (8192K)
 Metaspace       used 58110K, capacity 59948K, committed 60160K, reserved 1101824K
  class space    used 7635K, capacity 8192K, committed 8192K, reserved 1048576K
}
Event: 8.465 GC heap after
{Heap after GC invocations=13 (full 0):
 garbage-first heap   total 157696K, used 64726K [0x00000000a0000000, 0x0000000100000000)
  region size 1024K, 3 young (3072K), 3 survivors (3072K)
 Metaspace       used 58110K, capacity 59948K, committed 60160K, reserved 1101824K
  class space    used 7635K, capacity 8192K, committed 8192K, reserved 1048576K
}

